{"name": "test_login_without_entering_credentials", "status": "failed", "statusDetails": {"message": "AssertionError: assert False\n +  where False = <method-wrapper '__contains__' of str object at 0x000001B3E4325F40>('Warning: No match for E-Mail Address and/or Password.abc')\n +    where <method-wrapper '__contains__' of str object at 0x000001B3E4325F40> = 'Warning: No match for E-Mail Address and/or Password.'.__contains__\n +      where 'Warning: No match for E-Mail Address and/or Password.' = <selenium.webdriver.remote.webelement.WebElement (session=\"eba254a4b9220019b88a669848c68f02\", element=\"96EE52480B481674D4511B31C15E67F4_element_49\")>.text\n +        where <selenium.webdriver.remote.webelement.WebElement (session=\"eba254a4b9220019b88a669848c68f02\", element=\"96EE52480B481674D4511B31C15E67F4_element_49\")> = <bound method WebDriver.find_element of <selenium.webdriver.chrome.webdriver.WebDriver (session=\"eba254a4b9220019b88a669848c68f02\")>>('xpath', \"//div[@id='account-login']/div[1]\")\n +          where <bound method WebDriver.find_element of <selenium.webdriver.chrome.webdriver.WebDriver (session=\"eba254a4b9220019b88a669848c68f02\")>> = <selenium.webdriver.chrome.webdriver.WebDriver (session=\"eba254a4b9220019b88a669848c68f02\")>.find_element\n +            where <selenium.webdriver.chrome.webdriver.WebDriver (session=\"eba254a4b9220019b88a669848c68f02\")> = <tests.test_login_new.TestLogin object at 0x000001B3E4330A10>.driver\n +          and   'xpath' = By.XPATH", "trace": "self = <tests.test_login_new.TestLogin object at 0x000001B3E4330A10>\n\n    @allure.severity(allure.severity_level.NORMAL)\n    def test_login_without_entering_credentials(self):\n        self.driver.find_element(By.XPATH,\"//span[text()='My Account']\").click()\n        self.driver.find_element(By.LINK_TEXT,\"Login\").click()\n        self.driver.find_element(By.ID,\"input-email\").send_keys(\"\")\n        self.driver.find_element(By.ID,\"input-password\").send_keys(\"\")\n        self.driver.find_element(By.XPATH,\"//input[@value='Login']\").click()\n        expected_warning_message=\"Warning: No match for E-Mail Address and/or Password.abc\"\n>       assert self.driver.find_element(By.XPATH,\"//div[@id='account-login']/div[1]\").text.__contains__(expected_warning_message)\nE       assert False\nE        +  where False = <method-wrapper '__contains__' of str object at 0x000001B3E4325F40>('Warning: No match for E-Mail Address and/or Password.abc')\nE        +    where <method-wrapper '__contains__' of str object at 0x000001B3E4325F40> = 'Warning: No match for E-Mail Address and/or Password.'.__contains__\nE        +      where 'Warning: No match for E-Mail Address and/or Password.' = <selenium.webdriver.remote.webelement.WebElement (session=\"eba254a4b9220019b88a669848c68f02\", element=\"96EE52480B481674D4511B31C15E67F4_element_49\")>.text\nE        +        where <selenium.webdriver.remote.webelement.WebElement (session=\"eba254a4b9220019b88a669848c68f02\", element=\"96EE52480B481674D4511B31C15E67F4_element_49\")> = <bound method WebDriver.find_element of <selenium.webdriver.chrome.webdriver.WebDriver (session=\"eba254a4b9220019b88a669848c68f02\")>>('xpath', \"//div[@id='account-login']/div[1]\")\nE        +          where <bound method WebDriver.find_element of <selenium.webdriver.chrome.webdriver.WebDriver (session=\"eba254a4b9220019b88a669848c68f02\")>> = <selenium.webdriver.chrome.webdriver.WebDriver (session=\"eba254a4b9220019b88a669848c68f02\")>.find_element\nE        +            where <selenium.webdriver.chrome.webdriver.WebDriver (session=\"eba254a4b9220019b88a669848c68f02\")> = <tests.test_login_new.TestLogin object at 0x000001B3E4330A10>.driver\nE        +          and   'xpath' = By.XPATH\n\ntests\\test_login_new.py:29: AssertionError"}, "start": 1686587938557, "stop": 1686587939449, "uuid": "fcb6a651-402a-4a92-802b-23f6be23d15b", "historyId": "2d121225585a654a67075fd466f840ef", "testCaseId": "2d121225585a654a67075fd466f840ef", "fullName": "tests.test_login_new.TestLogin#test_login_without_entering_credentials", "labels": [{"name": "severity", "value": "normal"}, {"name": "tag", "value": "@pytest.mark.usefixtures('setup_and_teardown', 'log_on_failure')"}, {"name": "parentSuite", "value": "tests"}, {"name": "suite", "value": "test_login_new"}, {"name": "subSuite", "value": "TestLogin"}, {"name": "host", "value": "LAPTOP-BKEQF5PU"}, {"name": "thread", "value": "28916-MainThread"}, {"name": "framework", "value": "pytest"}, {"name": "language", "value": "cpython3"}, {"name": "package", "value": "tests.test_login_new"}]}